d:\rtklibzj\rtklibzj\rtklibzj\debug\vc143.pdb
d:\rtklibzj\rtklibzj\rtklibzj\debug\vc143.idb
d:\rtklibzj\rtklibzj\rtklibzj\debug\preceph.obj
d:\rtklibzj\rtklibzj\rtklibzj\debug\geoid.obj
d:\rtklibzj\rtklibzj\rtklibzj\debug\sbas.obj
d:\rtklibzj\rtklibzj\rtklibzj\debug\solution.obj
d:\rtklibzj\rtklibzj\rtklibzj\debug\ephemeris.obj
d:\rtklibzj\rtklibzj\rtklibzj\debug\ionex.obj
d:\rtklibzj\rtklibzj\rtklibzj\debug\rtkcmn.obj
d:\rtklibzj\rtklibzj\rtklibzj\debug\rtkpos.obj
d:\rtklibzj\rtklibzj\rtklibzj\debug\rinex.obj
d:\rtklibzj\rtklibzj\rtklibzj\debug\postpos.obj
d:\rtklibzj\rtklibzj\rtklibzj\debug\pntpos.obj
d:\rtklibzj\rtklibzj\rtklibzj\debug\options.obj
d:\rtklibzj\rtklibzj\rtklibzj\debug\mian.obj
d:\sppmode\rtklibzj\rtklibzj\debug\vc143.pdb
d:\sppmode\rtklibzj\rtklibzj\debug\vc143.idb
d:\sppmode\rtklibzj\rtklibzj\debug\rtkpos.obj
d:\sppmode\rtklibzj\rtklibzj\debug\rinex.obj
d:\sppmode\rtklibzj\rtklibzj\debug\postpos.obj
d:\sppmode\rtklibzj\rtklibzj\debug\pntpos.obj
d:\sppmode\rtklibzj\rtklibzj\debug\options.obj
d:\sppmode\rtklibzj\rtklibzj\debug\mian.obj
d:\sppmode\rtklibzj\rtklibzj\debug\ionex.obj
d:\rtklibzj\rtklibzj\debug\rtklibzj.exe
d:\rtklibzj\rtklibzj\debug\rtklibzj.pdb
d:\rtklibzj\rtklibzj\rtklibzj\debug\rtklibzj.ilk
d:\sppmode\rtklibzj\rtklibzj\debug\ephemeris.obj
d:\sppmode\rtklibzj\rtklibzj\debug\geoid.obj
d:\sppmode\rtklibzj\rtklibzj\debug\preceph.obj
d:\sppmode\rtklibzj\rtklibzj\debug\rtkcmn.obj
d:\sppmode\rtklibzj\rtklibzj\debug\sbas.obj
d:\sppmode\rtklibzj\rtklibzj\debug\solution.obj
d:\sppmode\rtklibzj\rtklibzj\debug\rtklibzj.ilk
d:\sppmode\rtklibzj\debug\rtklibzj.pdb
d:\sppmode\rtklibzj\debug\rtklibzj.exe
d:\sppmode\rtklibzj\rtklibzj\debug\rtklibzj.tlog\cl.command.1.tlog
d:\sppmode\rtklibzj\rtklibzj\debug\rtklibzj.tlog\cl.items.tlog
d:\sppmode\rtklibzj\rtklibzj\debug\rtklibzj.tlog\cl.read.1.tlog
d:\sppmode\rtklibzj\rtklibzj\debug\rtklibzj.tlog\cl.write.1.tlog
d:\sppmode\rtklibzj\rtklibzj\debug\rtklibzj.tlog\link.command.1.tlog
d:\sppmode\rtklibzj\rtklibzj\debug\rtklibzj.tlog\link.read.1.tlog
d:\sppmode\rtklibzj\rtklibzj\debug\rtklibzj.tlog\link.secondary.1.tlog
d:\sppmode\rtklibzj\rtklibzj\debug\rtklibzj.tlog\link.write.1.tlog
